<?xml version="1.0" encoding="UTF-8"?>
<!-- Generated by org.testng.reporters.JUnitReportReporter -->
<testsuite skipped="0" hostname="HIBAWL126957" name="Selenium.Project.App" tests="1" failures="0" timestamp="2019-09-10T19:17:44 IST" time="10.357" errors="0">
  <testcase name="loginpage" time="10.357" classname="Selenium.Project.App"/>
</testsuite> <!-- Selenium.Project.App -->
